<?xml version="1.0" encoding="UTF-8"?>
<!-- Generated by org.testng.reporters.JUnitReportReporter -->
<testsuite hostname="Saif" name="com.cnb.Psi" tests="1" failures="0" timestamp="19 Aug 2018 01:24:18 GMT" time="32.238" errors="0">
  <testcase name="psiTest" time="32.238" classname="com.cnb.Psi"/>
</testsuite> <!-- com.cnb.Psi -->
